<?xml version="1.0" encoding="UTF-8"?>
<!-- Generated by org.testng.reporters.JUnitReportReporter -->
<testsuite hostname="DESKTOP-78GN0LC" failures="0" tests="1" name="AndroidTest.AddToCartTest" time="54.686" errors="0" timestamp="2024-01-02T13:47:32 IST" skipped="0">
  <testcase classname="AndroidTest.AddToCartTest" name="runAddToCartTest" time="54.686"/>
</testsuite> <!-- AndroidTest.AddToCartTest -->
